2024-10-06 18:47:15,400 [INFO] Starting Wiegand Reader. Press Ctrl+C to exit.
2024-10-06 18:47:22,614 [INFO] --------------------------------------------------
2024-10-06 18:47:22,615 [INFO] Card Read Detected:
2024-10-06 18:47:22,615 [INFO] Reader Type    : Indala Wiegand
2024-10-06 18:47:22,616 [INFO] Binary Data    : 10011101001110111001111101
2024-10-06 18:47:22,616 [INFO] Facility Code  : 58
2024-10-06 18:47:22,617 [INFO] Card Number    : 30526
2024-10-06 18:47:22,618 [INFO] --------------------------------------------------
2024-10-06 18:48:18,416 [INFO] --------------------------------------------------
2024-10-06 18:48:18,417 [INFO] Card Read Detected:
2024-10-06 18:48:18,417 [INFO] Reader Type    : Indala Wiegand
2024-10-06 18:48:18,418 [INFO] Binary Data    : 10011101001110111001111101
2024-10-06 18:48:18,418 [INFO] Facility Code  : 58
2024-10-06 18:48:18,419 [INFO] Card Number    : 30526
2024-10-06 18:48:18,419 [INFO] --------------------------------------------------
2024-10-06 18:48:19,322 [INFO] --------------------------------------------------
2024-10-06 18:48:19,322 [INFO] Card Read Detected:
2024-10-06 18:48:19,323 [INFO] Reader Type    : Indala Wiegand
2024-10-06 18:48:19,323 [INFO] Binary Data    : 10011101001110111001111101
2024-10-06 18:48:19,324 [INFO] Facility Code  : 58
2024-10-06 18:48:19,325 [INFO] Card Number    : 30526
2024-10-06 18:48:19,325 [INFO] --------------------------------------------------
2024-10-06 18:48:20,228 [INFO] --------------------------------------------------
2024-10-06 18:48:20,229 [INFO] Card Read Detected:
2024-10-06 18:48:20,230 [INFO] Reader Type    : Indala Wiegand
2024-10-06 18:48:20,230 [INFO] Binary Data    : 10011101001110111001111101
2024-10-06 18:48:20,231 [INFO] Facility Code  : 58
2024-10-06 18:48:20,231 [INFO] Card Number    : 30526
2024-10-06 18:48:20,232 [INFO] --------------------------------------------------
2024-10-06 18:48:21,134 [INFO] --------------------------------------------------
2024-10-06 18:48:21,135 [INFO] Card Read Detected:
2024-10-06 18:48:21,136 [INFO] Reader Type    : Indala Wiegand
2024-10-06 18:48:21,136 [INFO] Binary Data    : 10011101001110111001111101
2024-10-06 18:48:21,137 [INFO] Facility Code  : 58
2024-10-06 18:48:21,138 [INFO] Card Number    : 30526
2024-10-06 18:48:21,138 [INFO] --------------------------------------------------
2024-10-06 18:48:24,396 [INFO] --------------------------------------------------
2024-10-06 18:48:24,396 [INFO] Card Read Detected:
2024-10-06 18:48:24,396 [INFO] Reader Type    : Indala Wiegand
2024-10-06 18:48:24,397 [INFO] Binary Data    : 10011101001110111001111101
2024-10-06 18:48:24,397 [INFO] Facility Code  : 58
2024-10-06 18:48:24,397 [INFO] Card Number    : 30526
2024-10-06 18:48:24,398 [INFO] --------------------------------------------------
2024-10-06 18:48:26,151 [INFO] --------------------------------------------------
2024-10-06 18:48:26,152 [INFO] Card Read Detected:
2024-10-06 18:48:26,152 [INFO] Reader Type    : Indala Wiegand
2024-10-06 18:48:26,152 [INFO] Binary Data    : 10011101001110111001111101
2024-10-06 18:48:26,152 [INFO] Facility Code  : 58
2024-10-06 18:48:26,153 [INFO] Card Number    : 30526
2024-10-06 18:48:26,153 [INFO] --------------------------------------------------
2024-10-06 18:48:26,955 [INFO] --------------------------------------------------
2024-10-06 18:48:26,955 [INFO] Card Read Detected:
2024-10-06 18:48:26,956 [INFO] Reader Type    : Indala Wiegand
2024-10-06 18:48:26,956 [INFO] Binary Data    : 10011101001110111001111101
2024-10-06 18:48:26,957 [INFO] Facility Code  : 58
2024-10-06 18:48:26,957 [INFO] Card Number    : 30526
2024-10-06 18:48:26,958 [INFO] --------------------------------------------------
2024-10-06 18:48:27,709 [INFO] --------------------------------------------------
2024-10-06 18:48:27,710 [INFO] Card Read Detected:
2024-10-06 18:48:27,711 [INFO] Reader Type    : Indala Wiegand
2024-10-06 18:48:27,711 [INFO] Binary Data    : 10011101001110111001111101
2024-10-06 18:48:27,712 [INFO] Facility Code  : 58
2024-10-06 18:48:27,712 [INFO] Card Number    : 30526
2024-10-06 18:48:27,713 [INFO] --------------------------------------------------
2024-10-06 18:48:28,466 [INFO] --------------------------------------------------
2024-10-06 18:48:28,467 [INFO] Card Read Detected:
2024-10-06 18:48:28,468 [INFO] Reader Type    : Indala Wiegand
2024-10-06 18:48:28,469 [INFO] Binary Data    : 10011101001110111001111101
2024-10-06 18:48:28,469 [INFO] Facility Code  : 58
2024-10-06 18:48:28,470 [INFO] Card Number    : 30526
2024-10-06 18:48:28,471 [INFO] --------------------------------------------------
2024-10-06 18:48:30,626 [INFO] --------------------------------------------------
2024-10-06 18:48:30,627 [INFO] Card Read Detected:
2024-10-06 18:48:30,627 [INFO] Reader Type    : Indala Wiegand
2024-10-06 18:48:30,628 [INFO] Binary Data    : 10011101001110111001111101
2024-10-06 18:48:30,628 [INFO] Facility Code  : 58
2024-10-06 18:48:30,629 [INFO] Card Number    : 30526
2024-10-06 18:48:30,630 [INFO] --------------------------------------------------
2024-10-06 18:49:48,232 [INFO] Exiting program due to keyboard interrupt.
2024-10-06 18:49:48,233 [INFO] Cleaned up GPIO and stopped pigpio.
2024-10-06 19:08:07 [ERROR] pigpio initialization failed.
2024-10-06 19:21:36 [ERROR] pigpio initialization failed.
2024-10-06 19:25:26 [ERROR] pigpio initialization failed.
2024-10-06 19:26:41 [ERROR] pigpio initialization failed.
2024-10-06 19:28:09 [ERROR] pigpio initialization failed.
2024-10-06 19:30:45 [ERROR] pigpio initialization failed.
2024-10-06 19:32:09 [ERROR] pigpio initialization failed.
2024-10-06 19:37:18 [ERROR] pigpio initialization failed.
2024-10-06 19:38:02 [ERROR] pigpio initialization failed.
2024-10-06 19:38:19,092 [INFO] Starting Wiegand Reader. Press Ctrl+C to exit.
2024-10-06 19:38:21,596 [INFO] --------------------------------------------------
2024-10-06 19:38:21,597 [INFO] Card Read Detected:
2024-10-06 19:38:21,597 [INFO] Reader Type    : Indala Wiegand
2024-10-06 19:38:21,598 [INFO] Binary Data    : 10011101001110111001111101
2024-10-06 19:38:21,598 [INFO] Facility Code  : 58
2024-10-06 19:38:21,598 [INFO] Card Number    : 30526
2024-10-06 19:38:21,599 [INFO] --------------------------------------------------
2024-10-06 19:38:22,556 [INFO] --------------------------------------------------
2024-10-06 19:38:22,557 [INFO] Card Read Detected:
2024-10-06 19:38:22,558 [INFO] Reader Type    : Indala Wiegand
2024-10-06 19:38:22,558 [INFO] Binary Data    : 10011101001110111001111101
2024-10-06 19:38:22,559 [INFO] Facility Code  : 58
2024-10-06 19:38:22,560 [INFO] Card Number    : 30526
2024-10-06 19:38:22,560 [INFO] --------------------------------------------------
2024-10-06 19:38:25,917 [INFO] --------------------------------------------------
2024-10-06 19:38:25,918 [INFO] Card Read Detected:
2024-10-06 19:38:25,918 [INFO] Reader Type    : Indala Wiegand
2024-10-06 19:38:25,919 [INFO] Binary Data    : 10011101001110111001111101
2024-10-06 19:38:25,920 [INFO] Facility Code  : 58
2024-10-06 19:38:25,920 [INFO] Card Number    : 30526
2024-10-06 19:38:25,921 [INFO] --------------------------------------------------
2024-10-06 19:38:27,311 [INFO] Exiting program due to keyboard interrupt.
2024-10-06 19:38:27,313 [INFO] Cleaned up GPIO and stopped pigpio.
2024-10-06 19:39:50 [ERROR] pigpio initialization failed.
2024-10-06 19:41:02 [ERROR] pigpio initialization failed.
2024-10-07 13:50:58,616 [INFO] Starting Wiegand Reader. Press Ctrl+C to exit.
2024-10-07 13:51:04,768 [INFO] --------------------------------------------------
2024-10-07 13:51:04,769 [INFO] Card Read Detected:
2024-10-07 13:51:04,769 [INFO] Reader Type    : Indala Wiegand
2024-10-07 13:51:04,770 [INFO] Binary Data    : 10011101001110111001111101
2024-10-07 13:51:04,770 [INFO] Facility Code  : 58
2024-10-07 13:51:04,770 [INFO] Card Number    : 30526
2024-10-07 13:51:04,771 [INFO] --------------------------------------------------
2024-10-07 13:51:15,790 [INFO] --------------------------------------------------
2024-10-07 13:51:15,791 [INFO] Card Read Detected:
2024-10-07 13:51:15,791 [INFO] Reader Type    : Indala Wiegand
2024-10-07 13:51:15,792 [INFO] Binary Data    : 00011101001110010111000001
2024-10-07 13:51:15,792 [INFO] Facility Code  : 58
2024-10-07 13:51:15,793 [INFO] Card Number    : 29408
2024-10-07 13:51:15,793 [INFO] --------------------------------------------------
2024-10-07 13:51:19,049 [INFO] --------------------------------------------------
2024-10-07 13:51:19,049 [INFO] Card Read Detected:
2024-10-07 13:51:19,050 [INFO] Reader Type    : Indala Wiegand
2024-10-07 13:51:19,050 [INFO] Binary Data    : 10011101001110111001111101
2024-10-07 13:51:19,051 [INFO] Facility Code  : 58
2024-10-07 13:51:19,051 [INFO] Card Number    : 30526
2024-10-07 13:51:19,052 [INFO] --------------------------------------------------
2024-10-07 13:51:57,484 [INFO] Exiting program due to keyboard interrupt.
2024-10-07 13:51:57,486 [INFO] Cleaned up GPIO and stopped pigpio.
2024-10-07 14:46:38,841 [INFO] Starting Wiegand Reader. Press Ctrl+C to exit.
2024-10-07 14:46:40,545 [INFO] --------------------------------------------------
2024-10-07 14:46:40,546 [INFO] Card Read Detected:
2024-10-07 14:46:40,546 [INFO] Reader Type    : Indala Wiegand
2024-10-07 14:46:40,547 [INFO] Binary Data    : 10011101001110111001111101
2024-10-07 14:46:40,548 [INFO] Facility Code  : 58
2024-10-07 14:46:40,548 [INFO] Card Number    : 30526
2024-10-07 14:46:40,548 [INFO] --------------------------------------------------
2024-10-07 14:46:43,554 [INFO] --------------------------------------------------
2024-10-07 14:46:43,555 [INFO] Card Read Detected:
2024-10-07 14:46:43,556 [INFO] Reader Type    : Indala Wiegand
2024-10-07 14:46:43,556 [INFO] Binary Data    : 10011101001110111001111101
2024-10-07 14:46:43,557 [INFO] Facility Code  : 58
2024-10-07 14:46:43,557 [INFO] Card Number    : 30526
2024-10-07 14:46:43,558 [INFO] --------------------------------------------------
2024-10-07 14:46:44,110 [WARNING] Incomplete Wiegand data received: [0, 0, 0]
2024-10-07 14:47:00,341 [INFO] --------------------------------------------------
2024-10-07 14:47:00,341 [INFO] Card Read Detected:
2024-10-07 14:47:00,342 [INFO] Reader Type    : Indala Wiegand
2024-10-07 14:47:00,342 [INFO] Binary Data    : 00011101001110010111000001
2024-10-07 14:47:00,343 [INFO] Facility Code  : 58
2024-10-07 14:47:00,344 [INFO] Card Number    : 29408
2024-10-07 14:47:00,344 [INFO] --------------------------------------------------
2024-10-07 14:47:15,320 [INFO] --------------------------------------------------
2024-10-07 14:47:15,321 [INFO] Card Read Detected:
2024-10-07 14:47:15,321 [INFO] Reader Type    : Indala Wiegand
2024-10-07 14:47:15,321 [INFO] Binary Data    : 00011101001110010111000001
2024-10-07 14:47:15,321 [INFO] Facility Code  : 58
2024-10-07 14:47:15,322 [INFO] Card Number    : 29408
2024-10-07 14:47:15,322 [INFO] --------------------------------------------------
2024-10-07 14:47:18,679 [INFO] --------------------------------------------------
2024-10-07 14:47:18,680 [INFO] Card Read Detected:
2024-10-07 14:47:18,680 [INFO] Reader Type    : Indala Wiegand
2024-10-07 14:47:18,681 [INFO] Binary Data    : 00011101001110010111000001
2024-10-07 14:47:18,681 [INFO] Facility Code  : 58
2024-10-07 14:47:18,682 [INFO] Card Number    : 29408
2024-10-07 14:47:18,682 [INFO] --------------------------------------------------
2024-10-07 14:47:20,938 [INFO] --------------------------------------------------
2024-10-07 14:47:20,939 [INFO] Card Read Detected:
2024-10-07 14:47:20,939 [INFO] Reader Type    : Indala Wiegand
2024-10-07 14:47:20,940 [INFO] Binary Data    : 00011101001110010111000001
2024-10-07 14:47:20,940 [INFO] Facility Code  : 58
2024-10-07 14:47:20,941 [INFO] Card Number    : 29408
2024-10-07 14:47:20,941 [INFO] --------------------------------------------------
2024-10-07 14:47:26,151 [INFO] --------------------------------------------------
2024-10-07 14:47:26,152 [INFO] Card Read Detected:
2024-10-07 14:47:26,152 [INFO] Reader Type    : Indala Wiegand
2024-10-07 14:47:26,153 [INFO] Binary Data    : 00011101001110010111000001
2024-10-07 14:47:26,153 [INFO] Facility Code  : 58
2024-10-07 14:47:26,153 [INFO] Card Number    : 29408
2024-10-07 14:47:26,153 [INFO] --------------------------------------------------
2024-10-07 14:47:28,258 [INFO] --------------------------------------------------
2024-10-07 14:47:28,258 [INFO] Card Read Detected:
2024-10-07 14:47:28,259 [INFO] Reader Type    : Indala Wiegand
2024-10-07 14:47:28,259 [INFO] Binary Data    : 00011101001110010111000001
2024-10-07 14:47:28,260 [INFO] Facility Code  : 58
2024-10-07 14:47:28,260 [INFO] Card Number    : 29408
2024-10-07 14:47:28,260 [INFO] --------------------------------------------------
2024-10-07 14:47:53,505 [INFO] --------------------------------------------------
2024-10-07 14:47:53,506 [INFO] Card Read Detected:
2024-10-07 14:47:53,507 [INFO] Reader Type    : Indala Wiegand
2024-10-07 14:47:53,507 [INFO] Binary Data    : 00011101001110010111000001
2024-10-07 14:47:53,508 [INFO] Facility Code  : 58
2024-10-07 14:47:53,508 [INFO] Card Number    : 29408
2024-10-07 14:47:53,509 [INFO] --------------------------------------------------
2024-10-07 14:47:55,315 [INFO] --------------------------------------------------
2024-10-07 14:47:55,321 [INFO] Card Read Detected:
2024-10-07 14:47:55,322 [INFO] Reader Type    : Indala Wiegand
2024-10-07 14:47:55,324 [INFO] Binary Data    : 00011101001110010111000001
2024-10-07 14:47:55,325 [INFO] Facility Code  : 58
2024-10-07 14:47:55,326 [INFO] Card Number    : 29408
2024-10-07 14:47:55,326 [INFO] --------------------------------------------------
2024-10-07 14:47:56,379 [INFO] --------------------------------------------------
2024-10-07 14:47:56,381 [INFO] Card Read Detected:
2024-10-07 14:47:56,381 [INFO] Reader Type    : Indala Wiegand
2024-10-07 14:47:56,382 [INFO] Binary Data    : 00011101001110010111000001
2024-10-07 14:47:56,383 [INFO] Facility Code  : 58
2024-10-07 14:47:56,385 [INFO] Card Number    : 29408
2024-10-07 14:47:56,387 [INFO] --------------------------------------------------
2024-10-07 14:47:57,390 [INFO] --------------------------------------------------
2024-10-07 14:47:57,391 [INFO] Card Read Detected:
2024-10-07 14:47:57,392 [INFO] Reader Type    : Indala Wiegand
2024-10-07 14:47:57,392 [INFO] Binary Data    : 00011101001110010111000001
2024-10-07 14:47:57,393 [INFO] Facility Code  : 58
2024-10-07 14:47:57,393 [INFO] Card Number    : 29408
2024-10-07 14:47:57,394 [INFO] --------------------------------------------------
2024-10-07 14:48:00,551 [INFO] --------------------------------------------------
2024-10-07 14:48:00,551 [INFO] Card Read Detected:
2024-10-07 14:48:00,551 [INFO] Reader Type    : Indala Wiegand
2024-10-07 14:48:00,552 [INFO] Binary Data    : 10011101001110111001111101
2024-10-07 14:48:00,552 [INFO] Facility Code  : 58
2024-10-07 14:48:00,552 [INFO] Card Number    : 30526
2024-10-07 14:48:00,552 [INFO] --------------------------------------------------
2024-10-07 14:48:01,655 [INFO] --------------------------------------------------
2024-10-07 14:48:01,655 [INFO] Card Read Detected:
2024-10-07 14:48:01,656 [INFO] Reader Type    : Indala Wiegand
2024-10-07 14:48:01,657 [INFO] Binary Data    : 10011101001110111001111101
2024-10-07 14:48:01,657 [INFO] Facility Code  : 58
2024-10-07 14:48:01,658 [INFO] Card Number    : 30526
2024-10-07 14:48:01,659 [INFO] --------------------------------------------------
2024-10-07 14:48:03,063 [INFO] --------------------------------------------------
2024-10-07 14:48:03,063 [INFO] Card Read Detected:
2024-10-07 14:48:03,064 [INFO] Reader Type    : Indala Wiegand
2024-10-07 14:48:03,065 [INFO] Binary Data    : 00011101001110010111000001
2024-10-07 14:48:03,065 [INFO] Facility Code  : 58
2024-10-07 14:48:03,066 [INFO] Card Number    : 29408
2024-10-07 14:48:03,066 [INFO] --------------------------------------------------
2024-10-07 14:48:56,713 [INFO] --------------------------------------------------
2024-10-07 14:48:56,714 [INFO] Card Read Detected:
2024-10-07 14:48:56,715 [INFO] Reader Type    : Indala Wiegand
2024-10-07 14:48:56,715 [INFO] Binary Data    : 00011101001110010111000001
2024-10-07 14:48:56,716 [INFO] Facility Code  : 58
2024-10-07 14:48:56,717 [INFO] Card Number    : 29408
2024-10-07 14:48:56,717 [INFO] --------------------------------------------------
2024-10-07 14:48:57,822 [INFO] --------------------------------------------------
2024-10-07 14:48:57,823 [INFO] Card Read Detected:
2024-10-07 14:48:57,823 [INFO] Reader Type    : Indala Wiegand
2024-10-07 14:48:57,824 [INFO] Binary Data    : 00011101001110010111000001
2024-10-07 14:48:57,825 [INFO] Facility Code  : 58
2024-10-07 14:48:57,825 [INFO] Card Number    : 29408
2024-10-07 14:48:57,826 [INFO] --------------------------------------------------
2024-10-07 14:48:59,079 [INFO] --------------------------------------------------
2024-10-07 14:48:59,079 [INFO] Card Read Detected:
2024-10-07 14:48:59,080 [INFO] Reader Type    : Indala Wiegand
2024-10-07 14:48:59,080 [INFO] Binary Data    : 00011101001110010111000001
2024-10-07 14:48:59,080 [INFO] Facility Code  : 58
2024-10-07 14:48:59,080 [INFO] Card Number    : 29408
2024-10-07 14:48:59,080 [INFO] --------------------------------------------------
2024-10-07 14:49:04,941 [INFO] --------------------------------------------------
2024-10-07 14:49:04,941 [INFO] Card Read Detected:
2024-10-07 14:49:04,942 [INFO] Reader Type    : Indala Wiegand
2024-10-07 14:49:04,942 [INFO] Binary Data    : 10011101001110111001111101
2024-10-07 14:49:04,943 [INFO] Facility Code  : 58
2024-10-07 14:49:04,943 [INFO] Card Number    : 30526
2024-10-07 14:49:04,944 [INFO] --------------------------------------------------
2024-10-07 14:49:10,013 [INFO] Exiting program due to keyboard interrupt.
2024-10-07 14:49:10,015 [INFO] Cleaned up GPIO and stopped pigpio.
2024-10-07 16:25:20,465 [INFO] Starting Wiegand Reader. Press Ctrl+C to exit.
2024-10-07 16:25:25,024 [INFO] --------------------------------------------------
2024-10-07 16:25:25,025 [INFO] Card Read Detected:
2024-10-07 16:25:25,026 [INFO] Reader Type    : Indala Wiegand
2024-10-07 16:25:25,026 [INFO] Binary Data    : 10011101001110111001111101
2024-10-07 16:25:25,027 [INFO] Facility Code  : 58
2024-10-07 16:25:25,027 [INFO] Card Number    : 30526
2024-10-07 16:25:25,028 [INFO] --------------------------------------------------
2024-10-07 16:25:32,510 [INFO] Exiting program due to keyboard interrupt.
2024-10-07 16:25:32,512 [INFO] Cleaned up GPIO and stopped pigpio.
2024-10-07 16:26:54,514 [INFO] Starting Wiegand Reader. Press Ctrl+C to exit.
2024-10-07 16:26:59,022 [INFO] --------------------------------------------------
2024-10-07 16:26:59,022 [INFO] Card Read Detected:
2024-10-07 16:26:59,023 [INFO] Reader Type    : Indala Wiegand
2024-10-07 16:26:59,023 [INFO] Binary Data    : 10011101001110111001111101
2024-10-07 16:26:59,024 [INFO] Facility Code  : 58
2024-10-07 16:26:59,024 [INFO] Card Number    : 30526
2024-10-07 16:26:59,025 [INFO] --------------------------------------------------
2024-10-07 16:27:00,728 [INFO] --------------------------------------------------
2024-10-07 16:27:00,729 [INFO] Card Read Detected:
2024-10-07 16:27:00,730 [INFO] Reader Type    : Indala Wiegand
2024-10-07 16:27:00,731 [INFO] Binary Data    : 10011101001110111001111101
2024-10-07 16:27:00,731 [INFO] Facility Code  : 58
2024-10-07 16:27:00,732 [INFO] Card Number    : 30526
2024-10-07 16:27:00,732 [INFO] --------------------------------------------------
2024-10-07 16:29:24,432 [INFO] --------------------------------------------------
2024-10-07 16:29:24,433 [INFO] Card Read Detected:
2024-10-07 16:29:24,434 [INFO] Reader Type    : Indala Wiegand
2024-10-07 16:29:24,434 [INFO] Binary Data    : 10011101001110111001111101
2024-10-07 16:29:24,435 [INFO] Facility Code  : 58
2024-10-07 16:29:24,436 [INFO] Card Number    : 30526
2024-10-07 16:29:24,436 [INFO] --------------------------------------------------
2024-10-07 16:30:45,179 [INFO] --------------------------------------------------
2024-10-07 16:30:45,180 [INFO] Card Read Detected:
2024-10-07 16:30:45,181 [INFO] Reader Type    : Indala Wiegand
2024-10-07 16:30:45,181 [INFO] Binary Data    : 00011101001110010111000001
2024-10-07 16:30:45,182 [INFO] Facility Code  : 58
2024-10-07 16:30:45,183 [INFO] Card Number    : 29408
2024-10-07 16:30:45,184 [INFO] --------------------------------------------------
2024-10-07 16:30:47,839 [INFO] --------------------------------------------------
2024-10-07 16:30:47,840 [INFO] Card Read Detected:
2024-10-07 16:30:47,840 [INFO] Reader Type    : Indala Wiegand
2024-10-07 16:30:47,841 [INFO] Binary Data    : 00011101001110010111000000
2024-10-07 16:30:47,842 [INFO] Facility Code  : 58
2024-10-07 16:30:47,842 [INFO] Card Number    : 29408
2024-10-07 16:30:47,843 [INFO] --------------------------------------------------
2024-10-07 16:30:49,397 [INFO] --------------------------------------------------
2024-10-07 16:30:49,397 [INFO] Card Read Detected:
2024-10-07 16:30:49,398 [INFO] Reader Type    : Indala Wiegand
2024-10-07 16:30:49,399 [INFO] Binary Data    : 00011101001110010111000001
2024-10-07 16:30:49,399 [INFO] Facility Code  : 58
2024-10-07 16:30:49,399 [INFO] Card Number    : 29408
2024-10-07 16:30:49,400 [INFO] --------------------------------------------------
2024-10-07 16:30:53,657 [INFO] --------------------------------------------------
2024-10-07 16:30:53,658 [INFO] Card Read Detected:
2024-10-07 16:30:53,658 [INFO] Reader Type    : Indala Wiegand
2024-10-07 16:30:53,658 [INFO] Binary Data    : 00011101001110010111000001
2024-10-07 16:30:53,659 [INFO] Facility Code  : 58
2024-10-07 16:30:53,659 [INFO] Card Number    : 29408
2024-10-07 16:30:53,659 [INFO] --------------------------------------------------
2024-10-07 16:30:55,012 [INFO] --------------------------------------------------
2024-10-07 16:30:55,013 [INFO] Card Read Detected:
2024-10-07 16:30:55,013 [INFO] Reader Type    : Indala Wiegand
2024-10-07 16:30:55,014 [INFO] Binary Data    : 00011101001110010111000000
2024-10-07 16:30:55,015 [INFO] Facility Code  : 58
2024-10-07 16:30:55,015 [INFO] Card Number    : 29408
2024-10-07 16:30:55,016 [INFO] --------------------------------------------------
2024-10-07 16:30:56,521 [INFO] --------------------------------------------------
2024-10-07 16:30:56,522 [INFO] Card Read Detected:
2024-10-07 16:30:56,522 [INFO] Reader Type    : Indala Wiegand
2024-10-07 16:30:56,523 [INFO] Binary Data    : 00011101001110010111000001
2024-10-07 16:30:56,523 [INFO] Facility Code  : 58
2024-10-07 16:30:56,524 [INFO] Card Number    : 29408
2024-10-07 16:30:56,525 [INFO] --------------------------------------------------
2024-10-07 16:31:00,082 [INFO] --------------------------------------------------
2024-10-07 16:31:00,083 [INFO] Card Read Detected:
2024-10-07 16:31:00,084 [INFO] Reader Type    : Indala Wiegand
2024-10-07 16:31:00,085 [INFO] Binary Data    : 00011101001110010111000001
2024-10-07 16:31:00,086 [INFO] Facility Code  : 58
2024-10-07 16:31:00,087 [INFO] Card Number    : 29408
2024-10-07 16:31:00,089 [INFO] --------------------------------------------------
2024-10-07 16:31:02,044 [INFO] --------------------------------------------------
2024-10-07 16:31:02,044 [INFO] Card Read Detected:
2024-10-07 16:31:02,045 [INFO] Reader Type    : Indala Wiegand
2024-10-07 16:31:02,045 [INFO] Binary Data    : 00011101001110010111000000
2024-10-07 16:31:02,045 [INFO] Facility Code  : 58
2024-10-07 16:31:02,045 [INFO] Card Number    : 29408
2024-10-07 16:31:02,046 [INFO] --------------------------------------------------
2024-10-07 16:31:02,547 [WARNING] Incomplete Wiegand data received: [0, 1]
2024-10-07 16:31:03,449 [INFO] --------------------------------------------------
2024-10-07 16:31:03,450 [INFO] Card Read Detected:
2024-10-07 16:31:03,450 [INFO] Reader Type    : Indala Wiegand
2024-10-07 16:31:03,450 [INFO] Binary Data    : 00011101001110010111000001
2024-10-07 16:31:03,450 [INFO] Facility Code  : 58
2024-10-07 16:31:03,450 [INFO] Card Number    : 29408
2024-10-07 16:31:03,451 [INFO] --------------------------------------------------
2024-10-07 16:31:06,506 [INFO] --------------------------------------------------
2024-10-07 16:31:06,507 [INFO] Card Read Detected:
2024-10-07 16:31:06,507 [INFO] Reader Type    : Indala Wiegand
2024-10-07 16:31:06,507 [INFO] Binary Data    : 00011101001110010111000000
2024-10-07 16:31:06,507 [INFO] Facility Code  : 58
2024-10-07 16:31:06,508 [INFO] Card Number    : 29408
2024-10-07 16:31:06,508 [INFO] --------------------------------------------------
2024-10-07 16:31:07,460 [INFO] --------------------------------------------------
2024-10-07 16:31:07,461 [INFO] Card Read Detected:
2024-10-07 16:31:07,461 [INFO] Reader Type    : Indala Wiegand
2024-10-07 16:31:07,461 [INFO] Binary Data    : 00011101001110010111000000
2024-10-07 16:31:07,462 [INFO] Facility Code  : 58
2024-10-07 16:31:07,462 [INFO] Card Number    : 29408
2024-10-07 16:31:07,463 [INFO] --------------------------------------------------
2024-10-07 16:31:07,966 [WARNING] Incomplete Wiegand data received: [1]
2024-10-07 16:31:08,318 [INFO] --------------------------------------------------
2024-10-07 16:31:08,319 [INFO] Card Read Detected:
2024-10-07 16:31:08,319 [INFO] Reader Type    : Indala Wiegand
2024-10-07 16:31:08,320 [INFO] Binary Data    : 00011101001110010111000000
2024-10-07 16:31:08,320 [INFO] Facility Code  : 58
2024-10-07 16:31:08,321 [INFO] Card Number    : 29408
2024-10-07 16:31:08,321 [INFO] --------------------------------------------------
2024-10-07 16:31:11,678 [INFO] --------------------------------------------------
2024-10-07 16:31:11,679 [INFO] Card Read Detected:
2024-10-07 16:31:11,680 [INFO] Reader Type    : Indala Wiegand
2024-10-07 16:31:11,680 [INFO] Binary Data    : 00011101001110010111000000
2024-10-07 16:31:11,681 [INFO] Facility Code  : 58
2024-10-07 16:31:11,682 [INFO] Card Number    : 29408
2024-10-07 16:31:11,683 [INFO] --------------------------------------------------
2024-10-07 16:31:12,836 [INFO] --------------------------------------------------
2024-10-07 16:31:12,837 [INFO] Card Read Detected:
2024-10-07 16:31:12,837 [INFO] Reader Type    : Indala Wiegand
2024-10-07 16:31:12,838 [INFO] Binary Data    : 00011101001110010111000000
2024-10-07 16:31:12,838 [INFO] Facility Code  : 58
2024-10-07 16:31:12,839 [INFO] Card Number    : 29408
2024-10-07 16:31:12,840 [INFO] --------------------------------------------------
2024-10-07 16:31:13,842 [INFO] --------------------------------------------------
2024-10-07 16:31:13,843 [INFO] Card Read Detected:
2024-10-07 16:31:13,843 [INFO] Reader Type    : Indala Wiegand
2024-10-07 16:31:13,843 [INFO] Binary Data    : 00011101001110010111000000
2024-10-07 16:31:13,843 [INFO] Facility Code  : 58
2024-10-07 16:31:13,844 [INFO] Card Number    : 29408
2024-10-07 16:31:13,844 [INFO] --------------------------------------------------
2024-10-07 16:31:14,796 [INFO] --------------------------------------------------
2024-10-07 16:31:14,797 [INFO] Card Read Detected:
2024-10-07 16:31:14,797 [INFO] Reader Type    : Indala Wiegand
2024-10-07 16:31:14,797 [INFO] Binary Data    : 00011101001110010111000000
2024-10-07 16:31:14,797 [INFO] Facility Code  : 58
2024-10-07 16:31:14,798 [INFO] Card Number    : 29408
2024-10-07 16:31:14,798 [INFO] --------------------------------------------------
2024-10-07 16:31:15,550 [INFO] --------------------------------------------------
2024-10-07 16:31:15,551 [INFO] Card Read Detected:
2024-10-07 16:31:15,552 [INFO] Reader Type    : Indala Wiegand
2024-10-07 16:31:15,552 [INFO] Binary Data    : 00011101001110010111000000
2024-10-07 16:31:15,553 [INFO] Facility Code  : 58
2024-10-07 16:31:15,553 [INFO] Card Number    : 29408
2024-10-07 16:31:15,553 [INFO] --------------------------------------------------
2024-10-07 16:31:16,155 [INFO] --------------------------------------------------
2024-10-07 16:31:16,156 [INFO] Card Read Detected:
2024-10-07 16:31:16,156 [INFO] Reader Type    : Indala Wiegand
2024-10-07 16:31:16,157 [INFO] Binary Data    : 00011101001110010111000000
2024-10-07 16:31:16,157 [INFO] Facility Code  : 58
2024-10-07 16:31:16,157 [INFO] Card Number    : 29408
2024-10-07 16:31:16,158 [INFO] --------------------------------------------------
2024-10-07 16:31:17,210 [INFO] --------------------------------------------------
2024-10-07 16:31:17,210 [INFO] Card Read Detected:
2024-10-07 16:31:17,211 [INFO] Reader Type    : Indala Wiegand
2024-10-07 16:31:17,211 [INFO] Binary Data    : 00011101001110010111000000
2024-10-07 16:31:17,211 [INFO] Facility Code  : 58
2024-10-07 16:31:17,212 [INFO] Card Number    : 29408
2024-10-07 16:31:17,212 [INFO] --------------------------------------------------
2024-10-07 16:31:21,971 [INFO] --------------------------------------------------
2024-10-07 16:31:21,972 [INFO] Card Read Detected:
2024-10-07 16:31:21,973 [INFO] Reader Type    : Indala Wiegand
2024-10-07 16:31:21,973 [INFO] Binary Data    : 00011101001110010111000000
2024-10-07 16:31:21,974 [INFO] Facility Code  : 58
2024-10-07 16:31:21,975 [INFO] Card Number    : 29408
2024-10-07 16:31:21,975 [INFO] --------------------------------------------------
2024-10-07 16:31:22,628 [INFO] --------------------------------------------------
2024-10-07 16:31:22,628 [INFO] Card Read Detected:
2024-10-07 16:31:22,629 [INFO] Reader Type    : Indala Wiegand
2024-10-07 16:31:22,629 [INFO] Binary Data    : 00011101001110010111000000
2024-10-07 16:31:22,630 [INFO] Facility Code  : 58
2024-10-07 16:31:22,630 [INFO] Card Number    : 29408
2024-10-07 16:31:22,630 [INFO] --------------------------------------------------
2024-10-07 16:31:24,235 [INFO] --------------------------------------------------
2024-10-07 16:31:24,236 [INFO] Card Read Detected:
2024-10-07 16:31:24,236 [INFO] Reader Type    : Indala Wiegand
2024-10-07 16:31:24,237 [INFO] Binary Data    : 00011101001110010111000000
2024-10-07 16:31:24,237 [INFO] Facility Code  : 58
2024-10-07 16:31:24,237 [INFO] Card Number    : 29408
2024-10-07 16:31:24,238 [INFO] --------------------------------------------------
2024-10-07 16:31:24,740 [WARNING] Incomplete Wiegand data received: [0, 1]
2024-10-07 16:31:24,941 [INFO] --------------------------------------------------
2024-10-07 16:31:24,942 [INFO] Card Read Detected:
2024-10-07 16:31:24,943 [INFO] Reader Type    : Indala Wiegand
2024-10-07 16:31:24,943 [INFO] Binary Data    : 00011101001110010111000000
2024-10-07 16:31:24,944 [INFO] Facility Code  : 58
2024-10-07 16:31:24,945 [INFO] Card Number    : 29408
2024-10-07 16:31:24,945 [INFO] --------------------------------------------------
2024-10-07 16:31:28,002 [INFO] --------------------------------------------------
2024-10-07 16:31:28,003 [INFO] Card Read Detected:
2024-10-07 16:31:28,003 [INFO] Reader Type    : Indala Wiegand
2024-10-07 16:31:28,003 [INFO] Binary Data    : 00011101001110010111000000
2024-10-07 16:31:28,003 [INFO] Facility Code  : 58
2024-10-07 16:31:28,004 [INFO] Card Number    : 29408
2024-10-07 16:31:28,004 [INFO] --------------------------------------------------
2024-10-07 16:31:30,659 [INFO] --------------------------------------------------
2024-10-07 16:31:30,660 [INFO] Card Read Detected:
2024-10-07 16:31:30,661 [INFO] Reader Type    : Indala Wiegand
2024-10-07 16:31:30,661 [INFO] Binary Data    : 00011101001110010111000001
2024-10-07 16:31:30,662 [INFO] Facility Code  : 58
2024-10-07 16:31:30,663 [INFO] Card Number    : 29408
2024-10-07 16:31:30,663 [INFO] --------------------------------------------------
2024-10-07 16:31:33,219 [INFO] --------------------------------------------------
2024-10-07 16:31:33,220 [INFO] Card Read Detected:
2024-10-07 16:31:33,220 [INFO] Reader Type    : Indala Wiegand
2024-10-07 16:31:33,221 [INFO] Binary Data    : 00011101001110010111000001
2024-10-07 16:31:33,222 [INFO] Facility Code  : 58
2024-10-07 16:31:33,222 [INFO] Card Number    : 29408
2024-10-07 16:31:33,223 [INFO] --------------------------------------------------
2024-10-07 16:31:34,527 [INFO] --------------------------------------------------
2024-10-07 16:31:34,527 [INFO] Card Read Detected:
2024-10-07 16:31:34,528 [INFO] Reader Type    : Indala Wiegand
2024-10-07 16:31:34,528 [INFO] Binary Data    : 00011101001110010111000001
2024-10-07 16:31:34,529 [INFO] Facility Code  : 58
2024-10-07 16:31:34,530 [INFO] Card Number    : 29408
2024-10-07 16:31:34,530 [INFO] --------------------------------------------------
2024-10-07 16:31:35,282 [INFO] --------------------------------------------------
2024-10-07 16:31:35,285 [INFO] Card Read Detected:
2024-10-07 16:31:35,286 [INFO] Reader Type    : Indala Wiegand
2024-10-07 16:31:35,287 [INFO] Binary Data    : 00011101001110010111000001
2024-10-07 16:31:35,287 [INFO] Facility Code  : 58
2024-10-07 16:31:35,288 [INFO] Card Number    : 29408
2024-10-07 16:31:35,288 [INFO] --------------------------------------------------
2024-10-07 16:31:37,293 [INFO] --------------------------------------------------
2024-10-07 16:31:37,294 [INFO] Card Read Detected:
2024-10-07 16:31:37,294 [INFO] Reader Type    : Indala Wiegand
2024-10-07 16:31:37,294 [INFO] Binary Data    : 00011101001110010111000001
2024-10-07 16:31:37,294 [INFO] Facility Code  : 58
2024-10-07 16:31:37,294 [INFO] Card Number    : 29408
2024-10-07 16:31:37,295 [INFO] --------------------------------------------------
2024-10-07 16:31:38,447 [INFO] --------------------------------------------------
2024-10-07 16:31:38,448 [INFO] Card Read Detected:
2024-10-07 16:31:38,448 [INFO] Reader Type    : Indala Wiegand
2024-10-07 16:31:38,449 [INFO] Binary Data    : 00011101001110010111000001
2024-10-07 16:31:38,449 [INFO] Facility Code  : 58
2024-10-07 16:31:38,450 [INFO] Card Number    : 29408
2024-10-07 16:31:38,450 [INFO] --------------------------------------------------
2024-10-07 16:31:45,142 [INFO] Exiting program due to keyboard interrupt.
2024-10-07 16:31:45,145 [INFO] Cleaned up GPIO and stopped pigpio.
2024-10-07 16:32:58,682 [INFO] Starting Wiegand Reader. Press Ctrl+C to exit.
2024-10-07 16:33:00,988 [WARNING] Incomplete Wiegand data received: [0, 0, 0, 1, 1, 1, 0, 1, 0, 0, 1, 1, 1, 0, 0, 1, 0, 1, 1, 1, 0, 0, 0, 0, 0, 1, 0, 0, 0, 1, 0, 0]
2024-10-07 16:33:05,396 [WARNING] Incomplete Wiegand data received: [0, 0, 0, 1, 1, 1, 0, 1, 0, 0, 1, 1, 1, 0, 0, 1, 0, 1, 1, 1, 0, 0, 0, 0, 0, 1, 0, 0, 0, 1, 0, 0]
2024-10-07 16:33:06,349 [WARNING] Incomplete Wiegand data received: [0, 0, 0, 1, 1, 1, 0, 1, 0, 0, 1, 1, 1, 0, 0, 1, 0, 1, 1, 1, 0, 0, 0, 0, 0, 1, 0, 0, 0, 1, 0, 0]
2024-10-07 16:33:07,102 [WARNING] Incomplete Wiegand data received: [0, 0, 0, 1, 1, 1, 0, 1, 0, 0, 1, 1, 1, 0, 0, 1, 0, 1, 1, 1, 0, 0, 0, 0, 0, 1, 0, 0, 0, 1, 0, 0]
2024-10-07 16:33:10,008 [WARNING] Incomplete Wiegand data received: [0, 0, 0, 1, 1, 1, 0, 1, 0, 0, 1, 1, 1, 0, 0, 1, 0, 1, 1, 1, 0, 0, 0, 0, 0, 1, 0, 0, 0, 1, 0, 0]
2024-10-07 16:33:10,911 [WARNING] Incomplete Wiegand data received: [0, 0, 0, 1, 1, 1, 0, 1, 0, 0, 1, 1, 1, 0, 0, 1, 0, 1, 1, 1, 0, 0, 0, 0, 0, 1, 0, 0, 0, 1, 0, 0]
2024-10-07 16:33:11,617 [WARNING] Incomplete Wiegand data received: [0, 0, 0, 1, 1, 1, 0, 1, 0, 0, 1, 1, 1, 0, 0, 1, 0, 1, 1, 1, 0, 0, 0, 0, 0, 1, 0, 0, 0, 1, 0, 0]
2024-10-07 16:33:13,371 [WARNING] Incomplete Wiegand data received: [0, 0, 0, 1, 1, 1, 0, 1, 0, 0, 1, 1, 1, 0, 0, 1, 0, 1, 1, 1, 0, 0, 0, 0, 0, 1, 0, 0, 0, 1, 0, 0]
2024-10-07 16:33:14,573 [WARNING] Incomplete Wiegand data received: [0, 0, 0, 1, 1, 1, 0, 1, 0, 0, 1, 1, 1, 0, 0, 1, 0, 1, 1, 1, 0, 0, 0, 0, 0, 1, 0, 0, 0, 1, 0, 0]
2024-10-07 16:33:15,726 [WARNING] Incomplete Wiegand data received: [0, 0, 0, 1, 1, 1, 0, 1, 0, 0, 1, 1, 1, 0, 0, 1, 0, 1, 1, 1, 0, 0, 0, 0, 0, 1, 0, 0, 0, 1, 0, 0]
2024-10-07 16:33:18,535 [INFO] Exiting program due to keyboard interrupt.
2024-10-07 16:33:18,537 [INFO] Cleaned up GPIO and stopped pigpio.
2024-10-07 16:34:34,789 [INFO] Starting Wiegand Reader. Press Ctrl+C to exit.
2024-10-07 16:34:36,693 [INFO] --------------------------------------------------
2024-10-07 16:34:36,694 [INFO] Card Read Detected:
2024-10-07 16:34:36,694 [INFO] Reader Type    : Indala Wiegand
2024-10-07 16:34:36,695 [INFO] Binary Data    : 00011101001110010111000001
2024-10-07 16:34:36,695 [INFO] Facility Code  : 58
2024-10-07 16:34:36,696 [INFO] Card Number    : 29408
2024-10-07 16:34:36,696 [INFO] --------------------------------------------------
2024-10-07 16:34:38,750 [INFO] --------------------------------------------------
2024-10-07 16:34:38,751 [INFO] Card Read Detected:
2024-10-07 16:34:38,751 [INFO] Reader Type    : Indala Wiegand
2024-10-07 16:34:38,752 [INFO] Binary Data    : 00011101001110010111000000
2024-10-07 16:34:38,753 [INFO] Facility Code  : 58
2024-10-07 16:34:38,754 [INFO] Card Number    : 29408
2024-10-07 16:34:38,754 [INFO] --------------------------------------------------
2024-10-07 16:34:40,309 [INFO] --------------------------------------------------
2024-10-07 16:34:40,310 [INFO] Card Read Detected:
2024-10-07 16:34:40,311 [INFO] Reader Type    : Indala Wiegand
2024-10-07 16:34:40,311 [INFO] Binary Data    : 00011101001110010111000001
2024-10-07 16:34:40,312 [INFO] Facility Code  : 58
2024-10-07 16:34:40,313 [INFO] Card Number    : 29408
2024-10-07 16:34:40,313 [INFO] --------------------------------------------------
2024-10-07 16:35:10,771 [INFO] --------------------------------------------------
2024-10-07 16:35:10,772 [INFO] Card Read Detected:
2024-10-07 16:35:10,772 [INFO] Reader Type    : Indala Wiegand
2024-10-07 16:35:10,772 [INFO] Binary Data    : 00011101001110010111000000
2024-10-07 16:35:10,773 [INFO] Facility Code  : 58
2024-10-07 16:35:10,773 [INFO] Card Number    : 29408
2024-10-07 16:35:10,773 [INFO] --------------------------------------------------
2024-10-07 16:35:13,328 [INFO] --------------------------------------------------
2024-10-07 16:35:13,328 [INFO] Card Read Detected:
2024-10-07 16:35:13,329 [INFO] Reader Type    : Indala Wiegand
2024-10-07 16:35:13,329 [INFO] Binary Data    : 00011101001110010111000000
2024-10-07 16:35:13,329 [INFO] Facility Code  : 58
2024-10-07 16:35:13,330 [INFO] Card Number    : 29408
2024-10-07 16:35:13,330 [INFO] --------------------------------------------------
2024-10-07 16:35:15,736 [INFO] --------------------------------------------------
2024-10-07 16:35:15,737 [INFO] Card Read Detected:
2024-10-07 16:35:15,737 [INFO] Reader Type    : Indala Wiegand
2024-10-07 16:35:15,741 [INFO] Binary Data    : 00011101001110010111000000
2024-10-07 16:35:15,742 [INFO] Facility Code  : 58
2024-10-07 16:35:15,743 [INFO] Card Number    : 29408
2024-10-07 16:35:15,744 [INFO] --------------------------------------------------
2024-10-07 16:35:18,199 [INFO] --------------------------------------------------
2024-10-07 16:35:18,200 [INFO] Card Read Detected:
2024-10-07 16:35:18,201 [INFO] Reader Type    : Indala Wiegand
2024-10-07 16:35:18,202 [INFO] Binary Data    : 00011101001110010111000001
2024-10-07 16:35:18,203 [INFO] Facility Code  : 58
2024-10-07 16:35:18,204 [INFO] Card Number    : 29408
2024-10-07 16:35:18,205 [INFO] --------------------------------------------------
2024-10-07 16:35:18,957 [INFO] --------------------------------------------------
2024-10-07 16:35:18,958 [INFO] Card Read Detected:
2024-10-07 16:35:18,958 [INFO] Reader Type    : Indala Wiegand
2024-10-07 16:35:18,959 [INFO] Binary Data    : 00011101001110010111000001
2024-10-07 16:35:18,960 [INFO] Facility Code  : 58
2024-10-07 16:35:18,960 [INFO] Card Number    : 29408
2024-10-07 16:35:18,961 [INFO] --------------------------------------------------
2024-10-07 16:35:20,766 [INFO] --------------------------------------------------
2024-10-07 16:35:20,767 [INFO] Card Read Detected:
2024-10-07 16:35:20,768 [INFO] Reader Type    : Indala Wiegand
2024-10-07 16:35:20,768 [INFO] Binary Data    : 00011101001110010111000001
2024-10-07 16:35:20,769 [INFO] Facility Code  : 58
2024-10-07 16:35:20,769 [INFO] Card Number    : 29408
2024-10-07 16:35:20,770 [INFO] --------------------------------------------------
2024-10-07 16:35:23,324 [INFO] --------------------------------------------------
2024-10-07 16:35:23,325 [INFO] Card Read Detected:
2024-10-07 16:35:23,325 [INFO] Reader Type    : Indala Wiegand
2024-10-07 16:35:23,326 [INFO] Binary Data    : 00011101001110010111000001
2024-10-07 16:35:23,327 [INFO] Facility Code  : 58
2024-10-07 16:35:23,327 [INFO] Card Number    : 29408
2024-10-07 16:35:23,328 [INFO] --------------------------------------------------
2024-10-07 16:35:26,944 [INFO] Exiting program due to keyboard interrupt.
2024-10-07 16:35:26,947 [INFO] Cleaned up GPIO and stopped pigpio.
